<?xml version="1.0" encoding="UTF-8"?>
<testsuite xmlns:xsi="http://www.w3.org/2001/XMLSchema-instance" xsi:noNamespaceSchemaLocation="https://maven.apache.org/surefire/maven-surefire-plugin/xsd/surefire-test-report-3.0.xsd" version="3.0" name="org.test.TestRunner" time="9.844" tests="4" errors="0" skipped="0" failures="0">
  <properties>
[...]
</properties>
  <testcase name="Verifying and validating the GET request and response" classname="Verifying the APIs of ReqRes" time="6.346"/>
  <testcase name="Verifying and validating the POST request and response" classname="Verifying the APIs of ReqRes" time="0.953">
    <system-out><![CDATA[{"email":"arunkum@gm.com","first_name":"Arun","last_name":"Kumar","avatar":"\"https://reqres.in/img/faces/8-image.jpg\"","id":"695","createdAt":"2025-02-04T10:02:58.863Z"}
]]></system-out>
  </testcase>
  <testcase name="Verifying and validating the PUT request and response" classname="Verifying the APIs of ReqRes" time="0.775"/>
  <testcase name="Verifying and validating the DELETE request and response" classname="Verifying the APIs of ReqRes" time="0.716"/>
</testsuite>